<?xml version="1.0" encoding="UTF-8"?>
<testng-results ignored="0" total="4" passed="4" failed="0" skipped="0">
  <reporter-output>
  </reporter-output>
  <suite started-at="2019-12-15T23:59:26 EST" name="Default suite" finished-at="2019-12-15T23:59:53 EST" duration-ms="26744">
    <groups>
    </groups>
    <test started-at="2019-12-15T23:59:26 EST" name="Default test" finished-at="2019-12-15T23:59:53 EST" duration-ms="26744">
      <class name="runners.testRunner">
        <test-method is-config="true" signature="beforeSuite()[pri:0, instance:runners.testRunner@3745e5c6]" started-at="2019-12-15T23:59:26 EST" name="beforeSuite" finished-at="2019-12-15T23:59:26 EST" duration-ms="8" status="PASS">
          <reporter-output>
          </reporter-output>
        </test-method> <!-- beforeSuite -->
        <test-method is-config="true" signature="beforeTest()[pri:0, instance:runners.testRunner@3745e5c6]" started-at="2019-12-15T23:59:26 EST" name="beforeTest" finished-at="2019-12-15T23:59:33 EST" duration-ms="7138" status="PASS">
          <reporter-output>
          </reporter-output>
        </test-method> <!-- beforeTest -->
        <test-method is-config="true" signature="beforeClass()[pri:0, instance:runners.testRunner@3745e5c6]" started-at="2019-12-15T23:59:33 EST" name="beforeClass" finished-at="2019-12-15T23:59:33 EST" duration-ms="0" status="PASS">
          <reporter-output>
          </reporter-output>
        </test-method> <!-- beforeClass -->
        <test-method is-config="true" signature="beforeMethod()[pri:0, instance:runners.testRunner@3745e5c6]" started-at="2019-12-15T23:59:33 EST" name="beforeMethod" finished-at="2019-12-15T23:59:33 EST" duration-ms="1" status="PASS">
          <reporter-output>
          </reporter-output>
        </test-method> <!-- beforeMethod -->
        <test-method signature="verifyAppLaunchTest()[pri:1, instance:runners.testRunner@3745e5c6]" started-at="2019-12-15T23:59:33 EST" name="verifyAppLaunchTest" finished-at="2019-12-15T23:59:33 EST" duration-ms="87" status="PASS">
          <reporter-output>
          </reporter-output>
        </test-method> <!-- verifyAppLaunchTest -->
        <test-method is-config="true" signature="afterMethod()[pri:0, instance:runners.testRunner@3745e5c6]" started-at="2019-12-15T23:59:33 EST" name="afterMethod" finished-at="2019-12-15T23:59:33 EST" duration-ms="0" status="PASS">
          <reporter-output>
          </reporter-output>
        </test-method> <!-- afterMethod -->
        <test-method is-config="true" signature="beforeMethod()[pri:0, instance:runners.testRunner@3745e5c6]" started-at="2019-12-15T23:59:33 EST" name="beforeMethod" finished-at="2019-12-15T23:59:33 EST" duration-ms="1" status="PASS">
          <reporter-output>
          </reporter-output>
        </test-method> <!-- beforeMethod -->
        <test-method signature="displayComicFromSpecificDatesTest(java.lang.String)[pri:6, instance:runners.testRunner@3745e5c6]" started-at="2019-12-15T23:59:33 EST" name="displayComicFromSpecificDatesTest" data-provider="ComicDatesList" finished-at="2019-12-15T23:59:41 EST" duration-ms="7268" status="PASS">
          <params>
            <param index="0">
              <value>
                <![CDATA[December  4, 2018]]>
              </value>
            </param>
          </params>
          <reporter-output>
          </reporter-output>
        </test-method> <!-- displayComicFromSpecificDatesTest -->
        <test-method is-config="true" signature="afterMethod()[pri:0, instance:runners.testRunner@3745e5c6]" started-at="2019-12-15T23:59:41 EST" name="afterMethod" finished-at="2019-12-15T23:59:41 EST" duration-ms="1" status="PASS">
          <reporter-output>
          </reporter-output>
        </test-method> <!-- afterMethod -->
        <test-method is-config="true" signature="beforeMethod()[pri:0, instance:runners.testRunner@3745e5c6]" started-at="2019-12-15T23:59:41 EST" name="beforeMethod" finished-at="2019-12-15T23:59:41 EST" duration-ms="0" status="PASS">
          <reporter-output>
          </reporter-output>
        </test-method> <!-- beforeMethod -->
        <test-method signature="displayComicFromSpecificDatesTest(java.lang.String)[pri:6, instance:runners.testRunner@3745e5c6]" started-at="2019-12-15T23:59:41 EST" name="displayComicFromSpecificDatesTest" data-provider="ComicDatesList" finished-at="2019-12-15T23:59:47 EST" duration-ms="6406" status="PASS">
          <params>
            <param index="0">
              <value>
                <![CDATA[June 19, 2018]]>
              </value>
            </param>
          </params>
          <reporter-output>
          </reporter-output>
        </test-method> <!-- displayComicFromSpecificDatesTest -->
        <test-method is-config="true" signature="beforeMethod()[pri:0, instance:runners.testRunner@3745e5c6]" started-at="2019-12-15T23:59:47 EST" name="beforeMethod" finished-at="2019-12-15T23:59:47 EST" duration-ms="1" status="PASS">
          <reporter-output>
          </reporter-output>
        </test-method> <!-- beforeMethod -->
        <test-method is-config="true" signature="afterMethod()[pri:0, instance:runners.testRunner@3745e5c6]" started-at="2019-12-15T23:59:47 EST" name="afterMethod" finished-at="2019-12-15T23:59:47 EST" duration-ms="0" status="PASS">
          <reporter-output>
          </reporter-output>
        </test-method> <!-- afterMethod -->
        <test-method signature="displayComicFromSpecificDatesTest(java.lang.String)[pri:6, instance:runners.testRunner@3745e5c6]" started-at="2019-12-15T23:59:47 EST" name="displayComicFromSpecificDatesTest" data-provider="ComicDatesList" finished-at="2019-12-15T23:59:53 EST" duration-ms="5792" status="PASS">
          <params>
            <param index="0">
              <value>
                <![CDATA[May 30, 2017]]>
              </value>
            </param>
          </params>
          <reporter-output>
          </reporter-output>
        </test-method> <!-- displayComicFromSpecificDatesTest -->
        <test-method is-config="true" signature="afterMethod()[pri:0, instance:runners.testRunner@3745e5c6]" started-at="2019-12-15T23:59:53 EST" name="afterMethod" finished-at="2019-12-15T23:59:53 EST" duration-ms="0" status="PASS">
          <reporter-output>
          </reporter-output>
        </test-method> <!-- afterMethod -->
        <test-method is-config="true" signature="afterClass()[pri:0, instance:runners.testRunner@3745e5c6]" started-at="2019-12-15T23:59:53 EST" name="afterClass" finished-at="2019-12-15T23:59:53 EST" duration-ms="0" status="PASS">
          <reporter-output>
          </reporter-output>
        </test-method> <!-- afterClass -->
        <test-method is-config="true" signature="afterTest()[pri:0, instance:runners.testRunner@3745e5c6]" started-at="2019-12-15T23:59:53 EST" name="afterTest" finished-at="2019-12-15T23:59:53 EST" duration-ms="0" status="PASS">
          <reporter-output>
          </reporter-output>
        </test-method> <!-- afterTest -->
        <test-method is-config="true" signature="afterSuite()[pri:0, instance:runners.testRunner@3745e5c6]" started-at="2019-12-15T23:59:53 EST" name="afterSuite" finished-at="2019-12-15T23:59:53 EST" duration-ms="0" status="PASS">
          <reporter-output>
          </reporter-output>
        </test-method> <!-- afterSuite -->
      </class> <!-- runners.testRunner -->
    </test> <!-- Default test -->
  </suite> <!-- Default suite -->
</testng-results>
