<?xml version="1.0" encoding="UTF-8"?>
<!-- Generated by org.testng.reporters.JUnitXMLReporter -->
<testsuite ignored="0" hostname="DESKTOP-T2OLP70" failures="0" tests="4" name="Default test" time="26.744" errors="0" timestamp="2019-12-15T23:59:53 EST">
  <testcase classname="runners.testRunner" name="verifyAppLaunchTest" time="0.087"/>
  <testcase classname="runners.testRunner" name="displayComicFromSpecificDatesTest" time="7.268"/>
  <testcase classname="runners.testRunner" name="displayComicFromSpecificDatesTest" time="6.406"/>
  <testcase classname="runners.testRunner" name="displayComicFromSpecificDatesTest" time="5.792"/>
</testsuite> <!-- Default test -->
