<?xml version="1.0" encoding="UTF-8"?>
<!-- Generated by org.testng.reporters.JUnitXMLReporter -->
<testsuite ignored="0" hostname="DESKTOP-T2OLP70" failures="0" tests="9" name="Default test" time="36.97" errors="0" timestamp="2019-12-16T22:00:17 EST">
  <testcase classname="runners.testRunner" name="verifyAppLaunchTest" time="0.071"/>
  <testcase classname="runners.testRunner" name="displayRandomComicTest" time="0.731"/>
  <testcase classname="runners.testRunner" name="displayNextComicTest" time="0.712"/>
  <testcase classname="runners.testRunner" name="displayComicHistoryTest" time="0.624"/>
  <testcase classname="runners.testRunner" name="displayLatestComicTest" time="1.396"/>
  <testcase classname="runners.testRunner" name="displayComicFromSpecificDatesTest" time="2.833"/>
  <testcase classname="runners.testRunner" name="displayComicFromSpecificDatesTest" time="3.594"/>
  <testcase classname="runners.testRunner" name="displayComicFromSpecificDatesTest" time="4.155"/>
  <testcase classname="runners.testRunner" name="addToCartandCheckoutTest" time="11.017"/>
</testsuite> <!-- Default test -->
